<?xml version="1.0" encoding="UTF-8"?>
<testng-results skipped="0" failed="0" total="1" passed="1">
  <reporter-output>
  </reporter-output>
  <suite name="Default suite" duration-ms="51382" started-at="2019-03-16T04:23:06Z" finished-at="2019-03-16T04:23:57Z">
    <groups>
    </groups>
    <test name="Default test" duration-ms="51382" started-at="2019-03-16T04:23:06Z" finished-at="2019-03-16T04:23:57Z">
      <class name="seleniumtestingNew.amazonDemo">
        <test-method status="PASS" signature="Test1()[pri:0, instance:seleniumtestingNew.amazonDemo@2b80d80f]" name="Test1" duration-ms="51334" started-at="2019-03-15T22:23:06Z" finished-at="2019-03-15T22:23:57Z">
          <reporter-output>
          </reporter-output>
        </test-method> <!-- Test1 -->
      </class> <!-- seleniumtestingNew.amazonDemo -->
    </test> <!-- Default test -->
  </suite> <!-- Default suite -->
</testng-results>
